        -:    0:Source:slab_automove.c
        -:    0:Graph:slab_automove.gcno
        -:    0:Data:slab_automove.gcda
        -:    0:Runs:426
        -:    1:/*  Copyright 2017 Facebook.
        -:    2: *
        -:    3: *  Use and distribution licensed under the BSD license.  See
        -:    4: *  the LICENSE file for full text.
        -:    5: */
        -:    6:
        -:    7:/* -*- Mode: C; tab-width: 4; c-basic-offset: 4; indent-tabs-mode: nil -*- */
        -:    8:#include "memcached.h"
        -:    9:#include "slab_automove.h"
        -:   10:#include <stdlib.h>
        -:   11:#include <string.h>
        -:   12:
        -:   13:#define MIN_PAGES_FOR_SOURCE 2
        -:   14:#define MIN_PAGES_FOR_RECLAIM 2.5
        -:   15:
        -:   16:struct window_data {
        -:   17:    uint64_t age;
        -:   18:    uint64_t dirty;
        -:   19:    float evicted_ratio;
        -:   20:    uint64_t evicted_seen; // if evictions were seen at all this window
        -:   21:};
        -:   22:
        -:   23:typedef struct {
        -:   24:    struct window_data *window_data;
        -:   25:    uint32_t window_size;
        -:   26:    uint32_t window_cur;
        -:   27:    double max_age_ratio;
        -:   28:    item_stats_automove iam_before[MAX_NUMBER_OF_SLAB_CLASSES];
        -:   29:    item_stats_automove iam_after[MAX_NUMBER_OF_SLAB_CLASSES];
        -:   30:    slab_stats_automove sam_before[MAX_NUMBER_OF_SLAB_CLASSES];
        -:   31:    slab_stats_automove sam_after[MAX_NUMBER_OF_SLAB_CLASSES];
        -:   32:} slab_automove;
        -:   33:
      100:   34:void *slab_automove_init(struct settings *settings) {
      100:   35:    uint32_t window_size = settings->slab_automove_window;
      100:   36:    double max_age_ratio = settings->slab_automove_ratio;
      100:   37:    slab_automove *a = calloc(1, sizeof(slab_automove));
      100:   38:    if (a == NULL)
        -:   39:        return NULL;
      100:   40:    a->window_data = calloc(window_size * MAX_NUMBER_OF_SLAB_CLASSES, sizeof(struct window_data));
      100:   41:    a->window_size = window_size;
      100:   42:    a->max_age_ratio = max_age_ratio;
      100:   43:    if (a->window_data == NULL) {
    #####:   44:        free(a);
    #####:   45:        return NULL;
        -:   46:    }
        -:   47:
        -:   48:    // do a dry run to fill the before structs
      100:   49:    fill_item_stats_automove(a->iam_before);
      100:   50:    fill_slab_stats_automove(a->sam_before);
        -:   51:
      100:   52:    return (void *)a;
        -:   53:}
        -:   54:
        2:   55:void slab_automove_free(void *arg) {
        2:   56:    slab_automove *a = (slab_automove *)arg;
        2:   57:    free(a->window_data);
        2:   58:    free(a);
        2:   59:}
        -:   60:
    15914:   61:static void window_sum(struct window_data *wd, struct window_data *w, uint32_t size) {
    15914:   62:    int x;
   417761:   63:    for (x = 0; x < size; x++) {
   401847:   64:        struct window_data *d = &wd[x];
   401847:   65:        w->age += d->age;
   401847:   66:        w->dirty += d->dirty;
   401847:   67:        w->evicted_ratio += d->evicted_ratio;
   401847:   68:        w->evicted_seen += d->evicted_seen;
        -:   69:    }
    15914:   70:}
        -:   71:
        -:   72:// TODO: if oldest is dirty, find next oldest.
        -:   73:// still need to base ratio off of absolute age
      322:   74:void slab_automove_run(void *arg, int *src, int *dst) {
      322:   75:    slab_automove *a = (slab_automove *)arg;
      322:   76:    int n;
      322:   77:    struct window_data w_sum;
      322:   78:    int oldest = -1;
      322:   79:    uint64_t oldest_age = 0;
      322:   80:    int youngest = -1;
      322:   81:    uint64_t youngest_age = ~0;
      322:   82:    bool youngest_evicting = false;
      322:   83:    *src = -1;
      322:   84:    *dst = -1;
        -:   85:
        -:   86:    // fill after structs
      322:   87:    fill_item_stats_automove(a->iam_after);
      322:   88:    fill_slab_stats_automove(a->sam_after);
        -:   89:    // Loop once to get total_evicted for this window.
      322:   90:    uint64_t evicted_total = 0;
    20930:   91:    for (n = POWER_SMALLEST; n < MAX_NUMBER_OF_SLAB_CLASSES; n++) {
    20286:   92:        evicted_total += a->iam_after[n].evicted - a->iam_before[n].evicted;
        -:   93:    }
      322:   94:    a->window_cur++;
        -:   95:
        -:   96:    // iterate slabs
    16134:   97:    for (n = POWER_SMALLEST; n < MAX_NUMBER_OF_SLAB_CLASSES; n++) {
    15914:   98:        int w_offset = n * a->window_size;
    15914:   99:        struct window_data *wd = &a->window_data[w_offset + (a->window_cur % a->window_size)];
    15914:  100:        memset(wd, 0, sizeof(struct window_data));
        -:  101:
        -:  102:        // if page delta, or evicted delta, mark window dirty
        -:  103:        // (or outofmemory)
    15914:  104:        uint64_t evicted_delta = a->iam_after[n].evicted - a->iam_before[n].evicted;
    15914:  105:        if (evicted_delta > 0) {
        -:  106:            // FIXME: the python script is using floats. we have ints.
       23:  107:            wd->evicted_ratio = (float) evicted_delta / evicted_total;
       23:  108:            wd->evicted_seen = 1;
       23:  109:            wd->dirty = 1;
        -:  110:        }
        -:  111:
    15914:  112:        if (a->iam_after[n].outofmemory - a->iam_before[n].outofmemory > 0) {
        1:  113:            wd->dirty = 1;
        -:  114:        }
    15914:  115:        if (a->sam_after[n].total_pages - a->sam_before[n].total_pages > 0) {
      133:  116:            wd->dirty = 1;
        -:  117:        }
        -:  118:
        -:  119:        // set age into window
    15914:  120:        wd->age = a->iam_after[n].age;
        -:  121:
        -:  122:        // summarize the window-up-to-now.
    15914:  123:        memset(&w_sum, 0, sizeof(struct window_data));
    15914:  124:        window_sum(&a->window_data[w_offset], &w_sum, a->window_size);
        -:  125:
        -:  126:        // grab age as average of window total
    15914:  127:        uint64_t age = w_sum.age / a->window_size;
        -:  128:
        -:  129:        // if > N free chunks and not dirty, make decision.
    15914:  130:        if (a->sam_after[n].free_chunks > a->sam_after[n].chunks_per_page * MIN_PAGES_FOR_RECLAIM) {
      128:  131:            if (w_sum.dirty == 0) {
      102:  132:                *src = n;
      102:  133:                *dst = 0;
      102:  134:                youngest = oldest = -1;
      102:  135:                break;
        -:  136:            }
        -:  137:        }
        -:  138:
        -:  139:        // if oldest and have enough pages, is oldest
    15812:  140:        if (age > oldest_age && a->sam_after[n].total_pages > MIN_PAGES_FOR_SOURCE) {
    15812:  141:            oldest = n;
    15812:  142:            oldest_age = age;
        -:  143:        }
        -:  144:
        -:  145:        // grab evicted count from window
        -:  146:        // if > half the window and youngest, mark as youngest
        -:  147:        // or, if more than 25% of total evictions in the window.
    15812:  148:        if (age < youngest_age && (w_sum.evicted_seen > a->window_size / 2
    15735:  149:                    || w_sum.evicted_ratio / a->window_size > 0.25)) {
        6:  150:            youngest = n;
        6:  151:            youngest_age = age;
        6:  152:            youngest_evicting = wd->evicted_seen ? true : false;
        -:  153:        }
        -:  154:    }
        -:  155:
      322:  156:    memcpy(a->iam_before, a->iam_after,
        -:  157:            sizeof(item_stats_automove) * MAX_NUMBER_OF_SLAB_CLASSES);
      322:  158:    memcpy(a->sam_before, a->sam_after,
        -:  159:            sizeof(slab_stats_automove) * MAX_NUMBER_OF_SLAB_CLASSES);
        -:  160:    // if we have a youngest and oldest, and oldest is outside the ratio,
        -:  161:    // also, only make decisions if window has filled once.
      322:  162:    if (youngest != -1 && oldest != -1 && a->window_cur > a->window_size) {
        2:  163:        if (youngest_age < ((double)oldest_age * a->max_age_ratio) && youngest_evicting) {
        1:  164:            *src = oldest;
        1:  165:            *dst = youngest;
        -:  166:        }
        -:  167:    }
      322:  168:    return;
        -:  169:}
